face-detection/openCVSamplefacedetection/build/outputs/logs/manifest-merger-debug-report.txt
-- Merging decision tree log ---
manifest
ADDED from src/main/AndroidManifest.xml:2:1-62:12
INJECTED from src/main/AndroidManifest.xml:2:1-62:12
INJECTED from src/main/AndroidManifest.xml:2:1-62:12
INJECTED from src/main/AndroidManifest.xml:2:1-62:12
MERGED from [:openCVLibrary343] AndroidManifest.xml:2:1-11:12
MERGED from [com.android.support:support-v4:28.0.0-rc02] AndroidManifest.xml:17:1-22:12
MERGED from [com.android.support:support-media-compat:28.0.0-rc02] AndroidManifest.xml:17:1-22:12
MERGED from [com.android.support:support-fragment:28.0.0-rc02] AndroidManifest.xml:17:1-22:12
MERGED from [com.android.support:support-core-ui:28.0.0-rc02] AndroidManifest.xml:17:1-22:12
MERGED from [com.android.support:support-core-utils:28.0.0-rc02] AndroidManifest.xml:17:1-22:12
MERGED from [com.android.support:loader:28.0.0-rc02] AndroidManifest.xml:17:1-22:12
MERGED from [com.android.support:viewpager:28.0.0-rc02] AndroidManifest.xml:17:1-22:12
MERGED from [com.android.support:coordinatorlayout:28.0.0-rc02] AndroidManifest.xml:17:1-22:12
MERGED from [com.android.support:drawerlayout:28.0.0-rc02] AndroidManifest.xml:17:1-22:12
MERGED from [com.android.support:slidingpanelayout:28.0.0-rc02] AndroidManifest.xml:17:1-22:12
MERGED from [com.android.support:customview:28.0.0-rc02] AndroidManifest.xml:17:1-22:12
MERGED from [com.android.support:swiperefreshlayout:28.0.0-rc02] AndroidManifest.xml:17:1-22:12
MERGED from [com.android.support:asynclayoutinflater:28.0.0-rc02] AndroidManifest.xml:17:1-22:12
MERGED from [com.android.support:support-compat:28.0.0-rc02] AndroidManifest.xml:17:1-24:12
MERGED from [com.android.support:versionedparcelable:28.0.0-rc02] AndroidManifest.xml:17:1-25:12
MERGED from [android.arch.lifecycle:runtime:1.1.1] AndroidManifest.xml:17:1-22:12
MERGED from [com.android.support:documentfile:28.0.0-rc02] AndroidManifest.xml:17:1-22:12
MERGED from [com.android.support:localbroadcastmanager:28.0.0-rc02] AndroidManifest.xml:17:1-22:12
MERGED from [com.android.support:print:28.0.0-rc02] AndroidManifest.xml:17:1-22:12
MERGED from [com.android.support:interpolator:28.0.0-rc02] AndroidManifest.xml:17:1-22:12
MERGED from [com.android.support:cursoradapter:28.0.0-rc02] AndroidManifest.xml:17:1-22:12
MERGED from [android.arch.lifecycle:viewmodel:1.1.1] AndroidManifest.xml:17:1-22:12
MERGED from [android.arch.lifecycle:livedata-core:1.1.1] AndroidManifest.xml:17:1-22:12
MERGED from [android.arch.core:runtime:1.1.1] AndroidManifest.xml:17:1-22:12
INJECTED from src/main/AndroidManifest.xml:2:1-62:12
INJECTED from src/main/AndroidManifest.xml:2:1-62:12
INJECTED from src/main/AndroidManifest.xml:2:1-62:12
	package
		ADDED from src/main/AndroidManifest.xml:3:5-44
		INJECTED from src/main/AndroidManifest.xml
		INJECTED from src/main/AndroidManifest.xml
	android:versionName
		ADDED from src/main/AndroidManifest.xml:5:5-31
		INJECTED from src/main/AndroidManifest.xml
		INJECTED from src/main/AndroidManifest.xml
	xmlns:android
		ADDED from src/main/AndroidManifest.xml:2:11-69
	android:versionCode
		ADDED from src/main/AndroidManifest.xml:4:5-30
		INJECTED from src/main/AndroidManifest.xml
		INJECTED from src/main/AndroidManifest.xml
uses-sdk
ADDED from src/main/AndroidManifest.xml:7:5-44
INJECTED from src/main/AndroidManifest.xml:7:5-44
INJECTED from src/main/AndroidManifest.xml:7:5-44
MERGED from [:openCVLibrary343] AndroidManifest.xml:7:5-9:41
MERGED from [:openCVLibrary343] AndroidManifest.xml:7:5-9:41
MERGED from [com.android.support:support-v4:28.0.0-rc02] AndroidManifest.xml:20:5-44
MERGED from [com.android.support:support-v4:28.0.0-rc02] AndroidManifest.xml:20:5-44
MERGED from [com.android.support:support-media-compat:28.0.0-rc02] AndroidManifest.xml:20:5-44
MERGED from [com.android.support:support-media-compat:28.0.0-rc02] AndroidManifest.xml:20:5-44
MERGED from [com.android.support:support-fragment:28.0.0-rc02] AndroidManifest.xml:20:5-44
MERGED from [com.android.support:support-fragment:28.0.0-rc02] AndroidManifest.xml:20:5-44
MERGED from [com.android.support:support-core-ui:28.0.0-rc02] AndroidManifest.xml:20:5-44
MERGED from [com.android.support:support-core-ui:28.0.0-rc02] AndroidManifest.xml:20:5-44
MERGED from [com.android.support:support-core-utils:28.0.0-rc02] AndroidManifest.xml:20:5-44
MERGED from [com.android.support:support-core-utils:28.0.0-rc02] AndroidManifest.xml:20:5-44
MERGED from [com.android.support:loader:28.0.0-rc02] AndroidManifest.xml:20:5-44
MERGED from [com.android.support:loader:28.0.0-rc02] AndroidManifest.xml:20:5-44
MERGED from [com.android.support:viewpager:28.0.0-rc02] AndroidManifest.xml:20:5-44
MERGED from [com.android.support:viewpager:28.0.0-rc02] AndroidManifest.xml:20:5-44
MERGED from [com.android.support:coordinatorlayout:28.0.0-rc02] AndroidManifest.xml:20:5-44
MERGED from [com.android.support:coordinatorlayout:28.0.0-rc02] AndroidManifest.xml:20:5-44
MERGED from [com.android.support:drawerlayout:28.0.0-rc02] AndroidManifest.xml:20:5-44
MERGED from [com.android.support:drawerlayout:28.0.0-rc02] AndroidManifest.xml:20:5-44
MERGED from [com.android.support:slidingpanelayout:28.0.0-rc02] AndroidManifest.xml:20:5-44
MERGED from [com.android.support:slidingpanelayout:28.0.0-rc02] AndroidManifest.xml:20:5-44
MERGED from [com.android.support:customview:28.0.0-rc02] AndroidManifest.xml:20:5-44
MERGED from [com.android.support:customview:28.0.0-rc02] AndroidManifest.xml:20:5-44
MERGED from [com.android.support:swiperefreshlayout:28.0.0-rc02] AndroidManifest.xml:20:5-44
MERGED from [com.android.support:swiperefreshlayout:28.0.0-rc02] AndroidManifest.xml:20:5-44
MERGED from [com.android.support:asynclayoutinflater:28.0.0-rc02] AndroidManifest.xml:20:5-44
MERGED from [com.android.support:asynclayoutinflater:28.0.0-rc02] AndroidManifest.xml:20:5-44
MERGED from [com.android.support:support-compat:28.0.0-rc02] AndroidManifest.xml:20:5-44
MERGED from [com.android.support:support-compat:28.0.0-rc02] AndroidManifest.xml:20:5-44
MERGED from [com.android.support:versionedparcelable:28.0.0-rc02] AndroidManifest.xml:20:5-44
MERGED from [com.android.support:versionedparcelable:28.0.0-rc02] AndroidManifest.xml:20:5-44
MERGED from [android.arch.lifecycle:runtime:1.1.1] AndroidManifest.xml:20:5-44
MERGED from [android.arch.lifecycle:runtime:1.1.1] AndroidManifest.xml:20:5-44
MERGED from [com.android.support:documentfile:28.0.0-rc02] AndroidManifest.xml:20:5-44
MERGED from [com.android.support:documentfile:28.0.0-rc02] AndroidManifest.xml:20:5-44
MERGED from [com.android.support:localbroadcastmanager:28.0.0-rc02] AndroidManifest.xml:20:5-44
MERGED from [com.android.support:localbroadcastmanager:28.0.0-rc02] AndroidManifest.xml:20:5-44
MERGED from [com.android.support:print:28.0.0-rc02] AndroidManifest.xml:20:5-44
MERGED from [com.android.support:print:28.0.0-rc02] AndroidManifest.xml:20:5-44
MERGED from [com.android.support:interpolator:28.0.0-rc02] AndroidManifest.xml:20:5-44
MERGED from [com.android.support:interpolator:28.0.0-rc02] AndroidManifest.xml:20:5-44
MERGED from [com.android.support:cursoradapter:28.0.0-rc02] AndroidManifest.xml:20:5-44
MERGED from [com.android.support:cursoradapter:28.0.0-rc02] AndroidManifest.xml:20:5-44
MERGED from [android.arch.lifecycle:viewmodel:1.1.1] AndroidManifest.xml:20:5-44
MERGED from [android.arch.lifecycle:viewmodel:1.1.1] AndroidManifest.xml:20:5-44
MERGED from [android.arch.lifecycle:livedata-core:1.1.1] AndroidManifest.xml:20:5-44
MERGED from [android.arch.lifecycle:livedata-core:1.1.1] AndroidManifest.xml:20:5-44
MERGED from [android.arch.core:runtime:1.1.1] AndroidManifest.xml:20:5-44
MERGED from [android.arch.core:runtime:1.1.1] AndroidManifest.xml:20:5-44
INJECTED from src/main/AndroidManifest.xml:7:5-44
INJECTED from src/main/AndroidManifest.xml:7:5-44
	android:targetSdkVersion
		INJECTED from src/main/AndroidManifest.xml
		ADDED from src/main/AndroidManifest.xml:7:5-44
		INJECTED from src/main/AndroidManifest.xml
	android:minSdkVersion
		ADDED from src/main/AndroidManifest.xml:7:15-41
		INJECTED from src/main/AndroidManifest.xml
		INJECTED from src/main/AndroidManifest.xml
supports-screens
ADDED from src/main/AndroidManifest.xml:9:5-14:39
	android:largeScreens
		ADDED from src/main/AndroidManifest.xml:11:9-36
	android:smallScreens
		ADDED from src/main/AndroidManifest.xml:14:9-36
	android:normalScreens
		ADDED from src/main/AndroidManifest.xml:12:9-37
	android:resizeable
		ADDED from src/main/AndroidManifest.xml:13:9-34
	android:anyDensity
		ADDED from src/main/AndroidManifest.xml:10:9-34
uses-permission#android.permission.CAMERA
ADDED from src/main/AndroidManifest.xml:16:5-65
	android:name
		ADDED from src/main/AndroidManifest.xml:16:22-62
uses-feature#android.hardware.camera
ADDED from src/main/AndroidManifest.xml:18:5-20:36
	android:required
		ADDED from src/main/AndroidManifest.xml:20:9-33
	android:name
		ADDED from src/main/AndroidManifest.xml:19:9-47
uses-feature#android.hardware.camera.autofocus
ADDED from src/main/AndroidManifest.xml:21:5-23:36
	android:required
		ADDED from src/main/AndroidManifest.xml:23:9-33
	android:name
		ADDED from src/main/AndroidManifest.xml:22:9-57
uses-feature#android.hardware.camera.front
ADDED from src/main/AndroidManifest.xml:24:5-26:36
	android:required
		ADDED from src/main/AndroidManifest.xml:26:9-33
	android:name
		ADDED from src/main/AndroidManifest.xml:25:9-53
uses-feature#android.hardware.camera.front.autofocus
ADDED from src/main/AndroidManifest.xml:27:5-29:36
	android:required
		ADDED from src/main/AndroidManifest.xml:29:9-33
	android:name
		ADDED from src/main/AndroidManifest.xml:28:9-63
uses-permission#android.permission.WRITE_EXTERNAL_STORAGE
ADDED from src/main/AndroidManifest.xml:31:5-81
	android:name
		ADDED from src/main/AndroidManifest.xml:31:22-78
uses-permission#android.permission.READ_PHONE_STATE
ADDED from src/main/AndroidManifest.xml:32:5-75
	android:name
		ADDED from src/main/AndroidManifest.xml:32:22-72
uses-permission#android.permission.READ_EXTERNAL_STORAGE
ADDED from src/main/AndroidManifest.xml:33:5-80
	android:name
		ADDED from src/main/AndroidManifest.xml:33:22-77
application
ADDED from src/main/AndroidManifest.xml:35:5-60:19
MERGED from [com.android.support:support-compat:28.0.0-rc02] AndroidManifest.xml:22:5-94
MERGED from [com.android.support:support-compat:28.0.0-rc02] AndroidManifest.xml:22:5-94
MERGED from [com.android.support:versionedparcelable:28.0.0-rc02] AndroidManifest.xml:22:5-23:19
MERGED from [com.android.support:versionedparcelable:28.0.0-rc02] AndroidManifest.xml:22:5-23:19
	android:appComponentFactory
		ADDED from [com.android.support:support-compat:28.0.0-rc02] AndroidManifest.xml:22:18-91
	android:label
		ADDED from src/main/AndroidManifest.xml:37:9-41
	android:icon
		ADDED from src/main/AndroidManifest.xml:36:9-38
	android:theme
		ADDED from src/main/AndroidManifest.xml:38:9-79
activity#org.opencv.samples.facedetect.FdActivity
ADDED from src/main/AndroidManifest.xml:41:9-51:20
	android:screenOrientation
		ADDED from src/main/AndroidManifest.xml:45:13-50
	android:label
		ADDED from src/main/AndroidManifest.xml:44:13-45
	android:configChanges
		ADDED from src/main/AndroidManifest.xml:43:13-63
	android:name
		ADDED from src/main/AndroidManifest.xml:42:13-39
intent-filter#action:name:android.intent.action.MAIN+category:name:android.intent.category.LAUNCHER
ADDED from src/main/AndroidManifest.xml:46:13-50:29
action#android.intent.action.MAIN
ADDED from src/main/AndroidManifest.xml:47:17-69
	android:name
		ADDED from src/main/AndroidManifest.xml:47:25-66
category#android.intent.category.LAUNCHER
ADDED from src/main/AndroidManifest.xml:49:17-77
	android:name
		ADDED from src/main/AndroidManifest.xml:49:27-74
activity#org.opencv.samples.facedetect.Config
ADDED from src/main/AndroidManifest.xml:52:9-59:20
	android:parentActivityName
		ADDED from src/main/AndroidManifest.xml:55:13-53
	android:label
		ADDED from src/main/AndroidManifest.xml:54:13-58
	android:name
		ADDED from src/main/AndroidManifest.xml:53:13-35
meta-data#android.support.PARENT_ACTIVITY
ADDED from src/main/AndroidManifest.xml:56:13-58:76
	android:value
		ADDED from src/main/AndroidManifest.xml:58:17-73
	android:name
		ADDED from src/main/AndroidManifest.xml:57:17-63